# JRE version: Java(TM) SE Runtime Environment (8.0_271-b09) (build 1.8.0_271-b09)
# Java VM: Java HotSpot(TM) 64-Bit Server VM (25.271-b09 mixed mode windows-amd64 compressed oops)
Heap:
 PSYoungGen      total 103936K, used 208K [0x000000076b300000, 0x0000000774f00000, 0x00000007c0000000)
  eden space 92160K, 0% used [0x000000076b300000,0x000000076b300000,0x0000000770d00000)
  from space 11776K, 1% used [0x0000000774380000,0x00000007743b4010,0x0000000774f00000)
  to   space 10752K, 0% used [0x0000000770d00000,0x0000000770d00000,0x0000000771780000)
 ParOldGen       total 172032K, used 12791K [0x00000006c1800000, 0x00000006cc000000, 0x000000076b300000)
  object space 172032K, 7% used [0x00000006c1800000,0x00000006c247de28,0x00000006cc000000)
 Metaspace       used 34006K, capacity 35900K, committed 36056K, reserved 1085440K
  class space    used 4386K, capacity 4744K, committed 4864K, reserved 1048576K
GC Heap History (10 events):
Event: 3.361 GC heap before
{Heap before GC invocations=3 (full 1):
 PSYoungGen      total 76288K, used 10739K [0x000000076b300000, 0x0000000770800000, 0x00000007c0000000)
  eden space 65536K, 0% used [0x000000076b300000,0x000000076b300000,0x000000076f300000)
  from space 10752K, 99% used [0x000000076fd80000,0x00000007707fcd58,0x0000000770800000)
  to   space 10752K, 0% used [0x000000076f300000,0x000000076f300000,0x000000076fd80000)
 ParOldGen       total 175104K, used 168K [0x00000006c1800000, 0x00000006cc300000, 0x000000076b300000)
  object space 175104K, 0% used [0x00000006c1800000,0x00000006c182a3b8,0x00000006cc300000)
 Metaspace       used 20301K, capacity 21156K, committed 21248K, reserved 1067008K
  class space    used 2560K, capacity 2762K, committed 2816K, reserved 1048576K
Event: 3.398 GC heap after
Heap after GC invocations=3 (full 1):
 PSYoungGen      total 76288K, used 0K [0x000000076b300000, 0x0000000770800000, 0x00000007c0000000)
  eden space 65536K, 0% used [0x000000076b300000,0x000000076b300000,0x000000076f300000)
  from space 10752K, 0% used [0x000000076fd80000,0x000000076fd80000,0x0000000770800000)
  to   space 10752K, 0% used [0x000000076f300000,0x000000076f300000,0x000000076fd80000)
 ParOldGen       total 112128K, used 10420K [0x00000006c1800000, 0x00000006c8580000, 0x000000076b300000)
  object space 112128K, 9% used [0x00000006c1800000,0x00000006c222d1c8,0x00000006c8580000)
 Metaspace       used 20301K, capacity 21156K, committed 21248K, reserved 1067008K
  class space    used 2560K, capacity 2762K, committed 2816K, reserved 1048576K
}
Event: 4.480 GC heap before
{Heap before GC invocations=4 (full 1):
 PSYoungGen      total 76288K, used 65536K [0x000000076b300000, 0x0000000770800000, 0x00000007c0000000)
  eden space 65536K, 100% used [0x000000076b300000,0x000000076f300000,0x000000076f300000)
  from space 10752K, 0% used [0x000000076fd80000,0x000000076fd80000,0x0000000770800000)
  to   space 10752K, 0% used [0x000000076f300000,0x000000076f300000,0x000000076fd80000)
 ParOldGen       total 112128K, used 10420K [0x00000006c1800000, 0x00000006c8580000, 0x000000076b300000)
  object space 112128K, 9% used [0x00000006c1800000,0x00000006c222d1c8,0x00000006c8580000)
 Metaspace       used 24801K, capacity 26118K, committed 26240K, reserved 1073152K
  class space    used 3161K, capacity 3435K, committed 3456K, reserved 1048576K
Event: 4.486 GC heap after
Heap after GC invocations=4 (full 1):
 PSYoungGen      total 76288K, used 7740K [0x000000076b300000, 0x0000000772300000, 0x00000007c0000000)
  eden space 65536K, 0% used [0x000000076b300000,0x000000076b300000,0x000000076f300000)
  from space 10752K, 71% used [0x000000076f300000,0x000000076fa8f0b0,0x000000076fd80000)
  to   space 10752K, 0% used [0x0000000771880000,0x0000000771880000,0x0000000772300000)
 ParOldGen       total 112128K, used 10428K [0x00000006c1800000, 0x00000006c8580000, 0x000000076b300000)
  object space 112128K, 9% used [0x00000006c1800000,0x00000006c222f1c8,0x00000006c8580000)
 Metaspace       used 24801K, capacity 26118K, committed 26240K, reserved 1073152K
  class space    used 3161K, capacity 3435K, committed 3456K, reserved 1048576K
}
Event: 6.375 GC heap before
{Heap before GC invocations=5 (full 1):
 PSYoungGen      total 76288K, used 73276K [0x000000076b300000, 0x0000000772300000, 0x00000007c0000000)
  eden space 65536K, 100% used [0x000000076b300000,0x000000076f300000,0x000000076f300000)
  from space 10752K, 71% used [0x000000076f300000,0x000000076fa8f0b0,0x000000076fd80000)
  to   space 10752K, 0% used [0x0000000771880000,0x0000000771880000,0x0000000772300000)
 ParOldGen       total 112128K, used 10428K [0x00000006c1800000, 0x00000006c8580000, 0x000000076b300000)
  object space 112128K, 9% used [0x00000006c1800000,0x00000006c222f1c8,0x00000006c8580000)
 Metaspace       used 30735K, capacity 32552K, committed 32768K, reserved 1077248K
  class space    used 4029K, capacity 4340K, committed 4352K, reserved 1048576K
Event: 6.386 GC heap after
Heap after GC invocations=5 (full 1):
 PSYoungGen      total 101888K, used 9701K [0x000000076b300000, 0x0000000772200000, 0x00000007c0000000)
  eden space 92160K, 0% used [0x000000076b300000,0x000000076b300000,0x0000000770d00000)
  from space 9728K, 99% used [0x0000000771880000,0x00000007721f9660,0x0000000772200000)
  to   space 10752K, 0% used [0x0000000770d00000,0x0000000770d00000,0x0000000771780000)
 ParOldGen       total 112128K, used 10436K [0x00000006c1800000, 0x00000006c8580000, 0x000000076b300000)
  object space 112128K, 9% used [0x00000006c1800000,0x00000006c22311c8,0x00000006c8580000)
 Metaspace       used 30735K, capacity 32552K, committed 32768K, reserved 1077248K
  class space    used 4029K, capacity 4340K, committed 4352K, reserved 1048576K
}
Event: 6.849 GC heap before
{Heap before GC invocations=6 (full 1):
 PSYoungGen      total 101888K, used 42392K [0x000000076b300000, 0x0000000772200000, 0x00000007c0000000)
  eden space 92160K, 35% used [0x000000076b300000,0x000000076d2ecc60,0x0000000770d00000)
  from space 9728K, 99% used [0x0000000771880000,0x00000007721f9660,0x0000000772200000)
  to   space 10752K, 0% used [0x0000000770d00000,0x0000000770d00000,0x0000000771780000)
 ParOldGen       total 112128K, used 10436K [0x00000006c1800000, 0x00000006c8580000, 0x000000076b300000)
  object space 112128K, 9% used [0x00000006c1800000,0x00000006c22311c8,0x00000006c8580000)
 Metaspace       used 33481K, capacity 35292K, committed 35416K, reserved 1079296K
  class space    used 4320K, capacity 4648K, committed 4736K, reserved 1048576K
Event: 6.858 GC heap after
Heap after GC invocations=6 (full 1):
 PSYoungGen      total 102912K, used 7840K [0x000000076b300000, 0x0000000774f00000, 0x00000007c0000000)
  eden space 92160K, 0% used [0x000000076b300000,0x000000076b300000,0x0000000770d00000)
  from space 10752K, 72% used [0x0000000770d00000,0x00000007714a82c8,0x0000000771780000)
  to   space 11776K, 0% used [0x0000000774380000,0x0000000774380000,0x0000000774f00000)
 ParOldGen       total 112128K, used 10444K [0x00000006c1800000, 0x00000006c8580000, 0x000000076b300000)
  object space 112128K, 9% used [0x00000006c1800000,0x00000006c22331c8,0x00000006c8580000)
 Metaspace       used 33481K, capacity 35292K, committed 35416K, reserved 1079296K
  class space    used 4320K, capacity 4648K, committed 4736K, reserved 1048576K
}
Event: 6.858 GC heap before
{Heap before GC invocations=7 (full 2):
 PSYoungGen      total 102912K, used 7840K [0x000000076b300000, 0x0000000774f00000, 0x00000007c0000000)
  eden space 92160K, 0% used [0x000000076b300000,0x000000076b300000,0x0000000770d00000)
  from space 10752K, 72% used [0x0000000770d00000,0x00000007714a82c8,0x0000000771780000)
  to   space 11776K, 0% used [0x0000000774380000,0x0000000774380000,0x0000000774f00000)
 ParOldGen       total 112128K, used 10444K [0x00000006c1800000, 0x00000006c8580000, 0x000000076b300000)
  object space 112128K, 9% used [0x00000006c1800000,0x00000006c22331c8,0x00000006c8580000)
 Metaspace       used 33481K, capacity 35292K, committed 35416K, reserved 1079296K
  class space    used 4320K, capacity 4648K, committed 4736K, reserved 1048576K
Event: 6.912 GC heap after
Heap after GC invocations=7 (full 2):
 PSYoungGen      total 102912K, used 0K [0x000000076b300000, 0x0000000774f00000, 0x00000007c0000000)
  eden space 92160K, 0% used [0x000000076b300000,0x000000076b300000,0x0000000770d00000)
  from space 10752K, 0% used [0x0000000770d00000,0x0000000770d00000,0x0000000771780000)
  to   space 11776K, 0% used [0x0000000774380000,0x0000000774380000,0x0000000774f00000)
 ParOldGen       total 172032K, used 12719K [0x00000006c1800000, 0x00000006cc000000, 0x000000076b300000)
  object space 172032K, 7% used [0x00000006c1800000,0x00000006c246be18,0x00000006cc000000)
 Metaspace       used 33481K, capacity 35292K, committed 35416K, reserved 1079296K
  class space    used 4320K, capacity 4648K, committed 4736K, reserved 1048576K
}

