# JRE version: Java(TM) SE Runtime Environment (8.0_271-b09) (build 1.8.0_271-b09)
# Java VM: Java HotSpot(TM) 64-Bit Server VM (25.271-b09 mixed mode windows-amd64 compressed oops)
Heap:
 PSYoungGen      total 157184K, used 22467K [0x000000076b300000, 0x0000000778800000, 0x00000007c0000000)
  eden space 139776K, 16% used [0x000000076b300000,0x000000076c8f0db8,0x0000000773b80000)
  from space 17408K, 0% used [0x0000000777700000,0x0000000777700000,0x0000000778800000)
  to   space 11776K, 0% used [0x0000000773b80000,0x0000000773b80000,0x0000000774700000)
 ParOldGen       total 200704K, used 21363K [0x00000006c1800000, 0x00000006cdc00000, 0x000000076b300000)
  object space 200704K, 10% used [0x00000006c1800000,0x00000006c2cdcef0,0x00000006cdc00000)
 Metaspace       used 57900K, capacity 60968K, committed 61016K, reserved 1101824K
  class space    used 7231K, capacity 7795K, committed 7808K, reserved 1048576K
GC Heap History (10 events):
Event: 7.667 GC heap before
{Heap before GC invocations=7 (full 2):
 PSYoungGen      total 102400K, used 7844K [0x000000076b300000, 0x0000000775600000, 0x00000007c0000000)
  eden space 91648K, 0% used [0x000000076b300000,0x000000076b300000,0x0000000770c80000)
  from space 10752K, 72% used [0x0000000770c80000,0x00000007714293b0,0x0000000771700000)
  to   space 11776K, 0% used [0x0000000774a80000,0x0000000774a80000,0x0000000775600000)
 ParOldGen       total 113664K, used 10444K [0x00000006c1800000, 0x00000006c8700000, 0x000000076b300000)
  object space 113664K, 9% used [0x00000006c1800000,0x00000006c2233340,0x00000006c8700000)
 Metaspace       used 33481K, capacity 35304K, committed 35416K, reserved 1079296K
  class space    used 4317K, capacity 4648K, committed 4736K, reserved 1048576K
Event: 7.764 GC heap after
Heap after GC invocations=7 (full 2):
 PSYoungGen      total 102400K, used 0K [0x000000076b300000, 0x0000000775600000, 0x00000007c0000000)
  eden space 91648K, 0% used [0x000000076b300000,0x000000076b300000,0x0000000770c80000)
  from space 10752K, 0% used [0x0000000770c80000,0x0000000770c80000,0x0000000771700000)
  to   space 11776K, 0% used [0x0000000774a80000,0x0000000774a80000,0x0000000775600000)
 ParOldGen       total 171520K, used 12365K [0x00000006c1800000, 0x00000006cbf80000, 0x000000076b300000)
  object space 171520K, 7% used [0x00000006c1800000,0x00000006c24137a8,0x00000006cbf80000)
 Metaspace       used 33481K, capacity 35304K, committed 35416K, reserved 1079296K
  class space    used 4317K, capacity 4648K, committed 4736K, reserved 1048576K
}
Event: 9.411 GC heap before
{Heap before GC invocations=8 (full 2):
 PSYoungGen      total 102400K, used 91648K [0x000000076b300000, 0x0000000775600000, 0x00000007c0000000)
  eden space 91648K, 100% used [0x000000076b300000,0x0000000770c80000,0x0000000770c80000)
  from space 10752K, 0% used [0x0000000770c80000,0x0000000770c80000,0x0000000771700000)
  to   space 11776K, 0% used [0x0000000774a80000,0x0000000774a80000,0x0000000775600000)
 ParOldGen       total 171520K, used 12365K [0x00000006c1800000, 0x00000006cbf80000, 0x000000076b300000)
  object space 171520K, 7% used [0x00000006c1800000,0x00000006c24137a8,0x00000006cbf80000)
 Metaspace       used 41097K, capacity 43440K, committed 43736K, reserved 1087488K
  class space    used 5353K, capacity 5782K, committed 5888K, reserved 1048576K
Event: 9.430 GC heap after
Heap after GC invocations=8 (full 2):
 PSYoungGen      total 140800K, used 7904K [0x000000076b300000, 0x0000000775280000, 0x00000007c0000000)
  eden space 132608K, 0% used [0x000000076b300000,0x000000076b300000,0x0000000773480000)
  from space 8192K, 96% used [0x0000000774a80000,0x0000000775238388,0x0000000775280000)
  to   space 11776K, 0% used [0x0000000773b80000,0x0000000773b80000,0x0000000774700000)
 ParOldGen       total 171520K, used 12373K [0x00000006c1800000, 0x00000006cbf80000, 0x000000076b300000)
  object space 171520K, 7% used [0x00000006c1800000,0x00000006c24157a8,0x00000006cbf80000)
 Metaspace       used 41097K, capacity 43440K, committed 43736K, reserved 1087488K
  class space    used 5353K, capacity 5782K, committed 5888K, reserved 1048576K
}
Event: 44.846 GC heap before
{Heap before GC invocations=9 (full 2):
 PSYoungGen      total 140800K, used 140512K [0x000000076b300000, 0x0000000775280000, 0x00000007c0000000)
  eden space 132608K, 100% used [0x000000076b300000,0x0000000773480000,0x0000000773480000)
  from space 8192K, 96% used [0x0000000774a80000,0x0000000775238388,0x0000000775280000)
  to   space 11776K, 0% used [0x0000000773b80000,0x0000000773b80000,0x0000000774700000)
 ParOldGen       total 171520K, used 12373K [0x00000006c1800000, 0x00000006cbf80000, 0x000000076b300000)
  object space 171520K, 7% used [0x00000006c1800000,0x00000006c24157a8,0x00000006cbf80000)
 Metaspace       used 55744K, capacity 58722K, committed 58840K, reserved 1099776K
  class space    used 7028K, capacity 7565K, committed 7680K, reserved 1048576K
Event: 44.869 GC heap after
Heap after GC invocations=9 (full 2):
 PSYoungGen      total 151552K, used 11774K [0x000000076b300000, 0x0000000778800000, 0x00000007c0000000)
  eden space 139776K, 0% used [0x000000076b300000,0x000000076b300000,0x0000000773b80000)
  from space 11776K, 99% used [0x0000000773b80000,0x00000007746ffaf0,0x0000000774700000)
  to   space 17408K, 0% used [0x0000000777700000,0x0000000777700000,0x0000000778800000)
 ParOldGen       total 171520K, used 21354K [0x00000006c1800000, 0x00000006cbf80000, 0x000000076b300000)
  object space 171520K, 12% used [0x00000006c1800000,0x00000006c2cda8f8,0x00000006cbf80000)
 Metaspace       used 55744K, capacity 58722K, committed 58840K, reserved 1099776K
  class space    used 7028K, capacity 7565K, committed 7680K, reserved 1048576K
}
Event: 44.933 GC heap before
{Heap before GC invocations=10 (full 2):
 PSYoungGen      total 151552K, used 14643K [0x000000076b300000, 0x0000000778800000, 0x00000007c0000000)
  eden space 139776K, 2% used [0x000000076b300000,0x000000076b5cd2a8,0x0000000773b80000)
  from space 11776K, 99% used [0x0000000773b80000,0x00000007746ffaf0,0x0000000774700000)
  to   space 17408K, 0% used [0x0000000777700000,0x0000000777700000,0x0000000778800000)
 ParOldGen       total 171520K, used 21354K [0x00000006c1800000, 0x00000006cbf80000, 0x000000076b300000)
  object space 171520K, 12% used [0x00000006c1800000,0x00000006c2cda8f8,0x00000006cbf80000)
 Metaspace       used 55914K, capacity 58882K, committed 59028K, reserved 1101824K
  class space    used 7053K, capacity 7597K, committed 7680K, reserved 1048576K
Event: 44.952 GC heap after
Heap after GC invocations=10 (full 2):
 PSYoungGen      total 157184K, used 12094K [0x000000076b300000, 0x0000000778800000, 0x00000007c0000000)
  eden space 139776K, 0% used [0x000000076b300000,0x000000076b300000,0x0000000773b80000)
  from space 17408K, 69% used [0x0000000777700000,0x00000007782cfab8,0x0000000778800000)
  to   space 11776K, 0% used [0x0000000773b80000,0x0000000773b80000,0x0000000774700000)
 ParOldGen       total 171520K, used 21426K [0x00000006c1800000, 0x00000006cbf80000, 0x000000076b300000)
  object space 171520K, 12% used [0x00000006c1800000,0x00000006c2cec908,0x00000006cbf80000)
 Metaspace       used 55914K, capacity 58882K, committed 59028K, reserved 1101824K
  class space    used 7053K, capacity 7597K, committed 7680K, reserved 1048576K
}
Event: 44.952 GC heap before
{Heap before GC invocations=11 (full 3):
 PSYoungGen      total 157184K, used 12094K [0x000000076b300000, 0x0000000778800000, 0x00000007c0000000)
  eden space 139776K, 0% used [0x000000076b300000,0x000000076b300000,0x0000000773b80000)
  from space 17408K, 69% used [0x0000000777700000,0x00000007782cfab8,0x0000000778800000)
  to   space 11776K, 0% used [0x0000000773b80000,0x0000000773b80000,0x0000000774700000)
 ParOldGen       total 171520K, used 21426K [0x00000006c1800000, 0x00000006cbf80000, 0x000000076b300000)
  object space 171520K, 12% used [0x00000006c1800000,0x00000006c2cec908,0x00000006cbf80000)
 Metaspace       used 55914K, capacity 58882K, committed 59028K, reserved 1101824K
  class space    used 7053K, capacity 7597K, committed 7680K, reserved 1048576K
Event: 45.101 GC heap after
Heap after GC invocations=11 (full 3):
 PSYoungGen      total 157184K, used 0K [0x000000076b300000, 0x0000000778800000, 0x00000007c0000000)
  eden space 139776K, 0% used [0x000000076b300000,0x000000076b300000,0x0000000773b80000)
  from space 17408K, 0% used [0x0000000777700000,0x0000000777700000,0x0000000778800000)
  to   space 11776K, 0% used [0x0000000773b80000,0x0000000773b80000,0x0000000774700000)
 ParOldGen       total 200704K, used 21363K [0x00000006c1800000, 0x00000006cdc00000, 0x000000076b300000)
  object space 200704K, 10% used [0x00000006c1800000,0x00000006c2cdcef0,0x00000006cdc00000)
 Metaspace       used 55914K, capacity 58882K, committed 59028K, reserved 1101824K
  class space    used 7053K, capacity 7597K, committed 7680K, reserved 1048576K
}

