# JRE version: Java(TM) SE Runtime Environment (8.0_271-b09) (build 1.8.0_271-b09)
# Java VM: Java HotSpot(TM) 64-Bit Server VM (25.271-b09 mixed mode windows-amd64 compressed oops)
Heap:
 PSYoungGen      total 138752K, used 79579K [0x000000076b300000, 0x0000000774680000, 0x00000007c0000000)
  eden space 127488K, 56% used [0x000000076b300000,0x000000076f951cf8,0x0000000772f80000)
  from space 11264K, 67% used [0x0000000773b80000,0x00000007742e5180,0x0000000774680000)
  to   space 11776K, 0% used [0x0000000772f80000,0x0000000772f80000,0x0000000773b00000)
 ParOldGen       total 175104K, used 12771K [0x00000006c1800000, 0x00000006cc300000, 0x000000076b300000)
  object space 175104K, 7% used [0x00000006c1800000,0x00000006c2478d30,0x00000006cc300000)
 Metaspace       used 47784K, capacity 50528K, committed 50648K, reserved 1095680K
  class space    used 6145K, capacity 6632K, committed 6656K, reserved 1048576K
GC Heap History (10 events):
Event: 5.009 GC heap before
{Heap before GC invocations=4 (full 1):
 PSYoungGen      total 76288K, used 65536K [0x000000076b300000, 0x0000000774800000, 0x00000007c0000000)
  eden space 65536K, 100% used [0x000000076b300000,0x000000076f300000,0x000000076f300000)
  from space 10752K, 0% used [0x000000076fd80000,0x000000076fd80000,0x0000000770800000)
  to   space 10752K, 0% used [0x000000076f300000,0x000000076f300000,0x000000076fd80000)
 ParOldGen       total 115200K, used 10388K [0x00000006c1800000, 0x00000006c8880000, 0x000000076b300000)
  object space 115200K, 9% used [0x00000006c1800000,0x00000006c22251e0,0x00000006c8880000)
 Metaspace       used 24772K, capacity 26094K, committed 26240K, reserved 1073152K
  class space    used 3151K, capacity 3429K, committed 3456K, reserved 1048576K
Event: 5.018 GC heap after
Heap after GC invocations=4 (full 1):
 PSYoungGen      total 76288K, used 7746K [0x000000076b300000, 0x0000000771f00000, 0x00000007c0000000)
  eden space 65536K, 0% used [0x000000076b300000,0x000000076b300000,0x000000076f300000)
  from space 10752K, 72% used [0x000000076f300000,0x000000076fa90aa0,0x000000076fd80000)
  to   space 10752K, 0% used [0x0000000771480000,0x0000000771480000,0x0000000771f00000)
 ParOldGen       total 115200K, used 10396K [0x00000006c1800000, 0x00000006c8880000, 0x000000076b300000)
  object space 115200K, 9% used [0x00000006c1800000,0x00000006c22271e0,0x00000006c8880000)
 Metaspace       used 24772K, capacity 26094K, committed 26240K, reserved 1073152K
  class space    used 3151K, capacity 3429K, committed 3456K, reserved 1048576K
}
Event: 6.655 GC heap before
{Heap before GC invocations=5 (full 1):
 PSYoungGen      total 76288K, used 73282K [0x000000076b300000, 0x0000000771f00000, 0x00000007c0000000)
  eden space 65536K, 100% used [0x000000076b300000,0x000000076f300000,0x000000076f300000)
  from space 10752K, 72% used [0x000000076f300000,0x000000076fa90aa0,0x000000076fd80000)
  to   space 10752K, 0% used [0x0000000771480000,0x0000000771480000,0x0000000771f00000)
 ParOldGen       total 115200K, used 10396K [0x00000006c1800000, 0x00000006c8880000, 0x000000076b300000)
  object space 115200K, 9% used [0x00000006c1800000,0x00000006c22271e0,0x00000006c8880000)
 Metaspace       used 30771K, capacity 32560K, committed 32768K, reserved 1077248K
  class space    used 4029K, capacity 4340K, committed 4352K, reserved 1048576K
Event: 6.668 GC heap after
Heap after GC invocations=5 (full 1):
 PSYoungGen      total 98816K, used 9744K [0x000000076b300000, 0x0000000771e80000, 0x00000007c0000000)
  eden space 88576K, 0% used [0x000000076b300000,0x000000076b300000,0x0000000770980000)
  from space 10240K, 95% used [0x0000000771480000,0x0000000771e04330,0x0000000771e80000)
  to   space 10752K, 0% used [0x0000000770980000,0x0000000770980000,0x0000000771400000)
 ParOldGen       total 115200K, used 10404K [0x00000006c1800000, 0x00000006c8880000, 0x000000076b300000)
  object space 115200K, 9% used [0x00000006c1800000,0x00000006c22291e0,0x00000006c8880000)
 Metaspace       used 30771K, capacity 32560K, committed 32768K, reserved 1077248K
  class space    used 4029K, capacity 4340K, committed 4352K, reserved 1048576K
}
Event: 7.216 GC heap before
{Heap before GC invocations=6 (full 1):
 PSYoungGen      total 98816K, used 42583K [0x000000076b300000, 0x0000000771e80000, 0x00000007c0000000)
  eden space 88576K, 37% used [0x000000076b300000,0x000000076d311bc8,0x0000000770980000)
  from space 10240K, 95% used [0x0000000771480000,0x0000000771e04330,0x0000000771e80000)
  to   space 10752K, 0% used [0x0000000770980000,0x0000000770980000,0x0000000771400000)
 ParOldGen       total 115200K, used 10404K [0x00000006c1800000, 0x00000006c8880000, 0x000000076b300000)
  object space 115200K, 9% used [0x00000006c1800000,0x00000006c22291e0,0x00000006c8880000)
 Metaspace       used 33411K, capacity 35300K, committed 35416K, reserved 1079296K
  class space    used 4308K, capacity 4648K, committed 4736K, reserved 1048576K
Event: 7.230 GC heap after
Heap after GC invocations=6 (full 1):
 PSYoungGen      total 99328K, used 7801K [0x000000076b300000, 0x0000000774700000, 0x00000007c0000000)
  eden space 88576K, 0% used [0x000000076b300000,0x000000076b300000,0x0000000770980000)
  from space 10752K, 72% used [0x0000000770980000,0x000000077111e6c0,0x0000000771400000)
  to   space 11776K, 0% used [0x0000000773b80000,0x0000000773b80000,0x0000000774700000)
 ParOldGen       total 115200K, used 10412K [0x00000006c1800000, 0x00000006c8880000, 0x000000076b300000)
  object space 115200K, 9% used [0x00000006c1800000,0x00000006c222b1e0,0x00000006c8880000)
 Metaspace       used 33411K, capacity 35300K, committed 35416K, reserved 1079296K
  class space    used 4308K, capacity 4648K, committed 4736K, reserved 1048576K
}
Event: 7.230 GC heap before
{Heap before GC invocations=7 (full 2):
 PSYoungGen      total 99328K, used 7801K [0x000000076b300000, 0x0000000774700000, 0x00000007c0000000)
  eden space 88576K, 0% used [0x000000076b300000,0x000000076b300000,0x0000000770980000)
  from space 10752K, 72% used [0x0000000770980000,0x000000077111e6c0,0x0000000771400000)
  to   space 11776K, 0% used [0x0000000773b80000,0x0000000773b80000,0x0000000774700000)
 ParOldGen       total 115200K, used 10412K [0x00000006c1800000, 0x00000006c8880000, 0x000000076b300000)
  object space 115200K, 9% used [0x00000006c1800000,0x00000006c222b1e0,0x00000006c8880000)
 Metaspace       used 33411K, capacity 35300K, committed 35416K, reserved 1079296K
  class space    used 4308K, capacity 4648K, committed 4736K, reserved 1048576K
Event: 7.291 GC heap after
Heap after GC invocations=7 (full 2):
 PSYoungGen      total 99328K, used 0K [0x000000076b300000, 0x0000000774700000, 0x00000007c0000000)
  eden space 88576K, 0% used [0x000000076b300000,0x000000076b300000,0x0000000770980000)
  from space 10752K, 0% used [0x0000000770980000,0x0000000770980000,0x0000000771400000)
  to   space 11776K, 0% used [0x0000000773b80000,0x0000000773b80000,0x0000000774700000)
 ParOldGen       total 175104K, used 12699K [0x00000006c1800000, 0x00000006cc300000, 0x000000076b300000)
  object space 175104K, 7% used [0x00000006c1800000,0x00000006c2466d20,0x00000006cc300000)
 Metaspace       used 33411K, capacity 35300K, committed 35416K, reserved 1079296K
  class space    used 4308K, capacity 4648K, committed 4736K, reserved 1048576K
}
Event: 8.336 GC heap before
{Heap before GC invocations=8 (full 2):
 PSYoungGen      total 99328K, used 88576K [0x000000076b300000, 0x0000000774700000, 0x00000007c0000000)
  eden space 88576K, 100% used [0x000000076b300000,0x0000000770980000,0x0000000770980000)
  from space 10752K, 0% used [0x0000000770980000,0x0000000770980000,0x0000000771400000)
  to   space 11776K, 0% used [0x0000000773b80000,0x0000000773b80000,0x0000000774700000)
 ParOldGen       total 175104K, used 12699K [0x00000006c1800000, 0x00000006cc300000, 0x000000076b300000)
  object space 175104K, 7% used [0x00000006c1800000,0x00000006c2466d20,0x00000006cc300000)
 Metaspace       used 40903K, capacity 43164K, committed 43352K, reserved 1087488K
  class space    used 5329K, capacity 5742K, committed 5760K, reserved 1048576K
Event: 8.346 GC heap after
Heap after GC invocations=8 (full 2):
 PSYoungGen      total 138752K, used 7572K [0x000000076b300000, 0x0000000774680000, 0x00000007c0000000)
  eden space 127488K, 0% used [0x000000076b300000,0x000000076b300000,0x0000000772f80000)
  from space 11264K, 67% used [0x0000000773b80000,0x00000007742e5180,0x0000000774680000)
  to   space 11776K, 0% used [0x0000000772f80000,0x0000000772f80000,0x0000000773b00000)
 ParOldGen       total 175104K, used 12771K [0x00000006c1800000, 0x00000006cc300000, 0x000000076b300000)
  object space 175104K, 7% used [0x00000006c1800000,0x00000006c2478d30,0x00000006cc300000)
 Metaspace       used 40903K, capacity 43164K, committed 43352K, reserved 1087488K
  class space    used 5329K, capacity 5742K, committed 5760K, reserved 1048576K
}

