# JRE version: Java(TM) SE Runtime Environment (8.0_271-b09) (build 1.8.0_271-b09)
# Java VM: Java HotSpot(TM) 64-Bit Server VM (25.271-b09 mixed mode windows-amd64 compressed oops)
Heap:
 PSYoungGen      total 120320K, used 68514K [0x000000076b300000, 0x0000000774c00000, 0x00000007c0000000)
  eden space 107008K, 52% used [0x000000076b300000,0x000000076e9f7c80,0x0000000771b80000)
  from space 13312K, 91% used [0x0000000771b80000,0x0000000772770f68,0x0000000772880000)
  to   space 15360K, 0% used [0x0000000773d00000,0x0000000773d00000,0x0000000774c00000)
 ParOldGen       total 270336K, used 14917K [0x00000006c1800000, 0x00000006d2000000, 0x000000076b300000)
  object space 270336K, 5% used [0x00000006c1800000,0x00000006c2691700,0x00000006d2000000)
 Metaspace       used 53348K, capacity 56138K, committed 56536K, reserved 1099776K
  class space    used 6779K, capacity 7257K, committed 7384K, reserved 1048576K
GC Heap History (10 events):
Event: 3.650 GC heap before
{Heap before GC invocations=7 (full 3):
 PSYoungGen      total 93184K, used 2288K [0x000000076b300000, 0x0000000772080000, 0x00000007c0000000)
  eden space 90624K, 0% used [0x000000076b300000,0x000000076b300000,0x0000000770b80000)
  from space 2560K, 89% used [0x0000000771e00000,0x000000077203c100,0x0000000772080000)
  to   space 10752K, 0% used [0x0000000770b80000,0x0000000770b80000,0x0000000771600000)
 ParOldGen       total 120320K, used 7145K [0x00000006c1800000, 0x00000006c8d80000, 0x000000076b300000)
  object space 120320K, 5% used [0x00000006c1800000,0x00000006c1efa7f8,0x00000006c8d80000)
 Metaspace       used 22442K, capacity 23528K, committed 23552K, reserved 1075200K
  class space    used 2836K, capacity 3066K, committed 3072K, reserved 1048576K
Event: 3.741 GC heap after
Heap after GC invocations=7 (full 3):
 PSYoungGen      total 93184K, used 0K [0x000000076b300000, 0x0000000772080000, 0x00000007c0000000)
  eden space 90624K, 0% used [0x000000076b300000,0x000000076b300000,0x0000000770b80000)
  from space 2560K, 0% used [0x0000000771e00000,0x0000000771e00000,0x0000000772080000)
  to   space 10752K, 0% used [0x0000000770b80000,0x0000000770b80000,0x0000000771600000)
 ParOldGen       total 270336K, used 7508K [0x00000006c1800000, 0x00000006d2000000, 0x000000076b300000)
  object space 270336K, 2% used [0x00000006c1800000,0x00000006c1f55138,0x00000006d2000000)
 Metaspace       used 22442K, capacity 23528K, committed 23552K, reserved 1073152K
  class space    used 2836K, capacity 3066K, committed 3072K, reserved 1048576K
}
Event: 5.641 GC heap before
{Heap before GC invocations=8 (full 3):
 PSYoungGen      total 93184K, used 90624K [0x000000076b300000, 0x0000000772080000, 0x00000007c0000000)
  eden space 90624K, 100% used [0x000000076b300000,0x0000000770b80000,0x0000000770b80000)
  from space 2560K, 0% used [0x0000000771e00000,0x0000000771e00000,0x0000000772080000)
  to   space 10752K, 0% used [0x0000000770b80000,0x0000000770b80000,0x0000000771600000)
 ParOldGen       total 270336K, used 7508K [0x00000006c1800000, 0x00000006d2000000, 0x000000076b300000)
  object space 270336K, 2% used [0x00000006c1800000,0x00000006c1f55138,0x00000006d2000000)
 Metaspace       used 30507K, capacity 32366K, committed 32512K, reserved 1079296K
  class space    used 4008K, capacity 4339K, committed 4352K, reserved 1048576K
Event: 5.651 GC heap after
Heap after GC invocations=8 (full 3):
 PSYoungGen      total 101376K, used 10396K [0x000000076b300000, 0x0000000773580000, 0x00000007c0000000)
  eden space 90624K, 0% used [0x000000076b300000,0x000000076b300000,0x0000000770b80000)
  from space 10752K, 96% used [0x0000000770b80000,0x00000007715a70a0,0x0000000771600000)
  to   space 13312K, 0% used [0x0000000772880000,0x0000000772880000,0x0000000773580000)
 ParOldGen       total 270336K, used 7516K [0x00000006c1800000, 0x00000006d2000000, 0x000000076b300000)
  object space 270336K, 2% used [0x00000006c1800000,0x00000006c1f57138,0x00000006d2000000)
 Metaspace       used 30507K, capacity 32366K, committed 32512K, reserved 1079296K
  class space    used 4008K, capacity 4339K, committed 4352K, reserved 1048576K
}
Event: 6.656 GC heap before
{Heap before GC invocations=9 (full 3):
 PSYoungGen      total 101376K, used 92717K [0x000000076b300000, 0x0000000773580000, 0x00000007c0000000)
  eden space 90624K, 90% used [0x000000076b300000,0x00000007703646e8,0x0000000770b80000)
  from space 10752K, 96% used [0x0000000770b80000,0x00000007715a70a0,0x0000000771600000)
  to   space 13312K, 0% used [0x0000000772880000,0x0000000772880000,0x0000000773580000)
 ParOldGen       total 270336K, used 7516K [0x00000006c1800000, 0x00000006d2000000, 0x000000076b300000)
  object space 270336K, 2% used [0x00000006c1800000,0x00000006c1f57138,0x00000006d2000000)
 Metaspace       used 37184K, capacity 39128K, committed 39256K, reserved 1085440K
  class space    used 4804K, capacity 5186K, committed 5208K, reserved 1048576K
Event: 6.674 GC heap after
Heap after GC invocations=9 (full 3):
 PSYoungGen      total 120320K, used 8969K [0x000000076b300000, 0x0000000773680000, 0x00000007c0000000)
  eden space 107008K, 0% used [0x000000076b300000,0x000000076b300000,0x0000000771b80000)
  from space 13312K, 67% used [0x0000000772880000,0x00000007731426d0,0x0000000773580000)
  to   space 13312K, 0% used [0x0000000771b80000,0x0000000771b80000,0x0000000772880000)
 ParOldGen       total 270336K, used 7588K [0x00000006c1800000, 0x00000006d2000000, 0x000000076b300000)
  object space 270336K, 2% used [0x00000006c1800000,0x00000006c1f69148,0x00000006d2000000)
 Metaspace       used 37184K, capacity 39128K, committed 39256K, reserved 1085440K
  class space    used 4804K, capacity 5186K, committed 5208K, reserved 1048576K
}
Event: 6.674 GC heap before
{Heap before GC invocations=10 (full 4):
 PSYoungGen      total 120320K, used 8969K [0x000000076b300000, 0x0000000773680000, 0x00000007c0000000)
  eden space 107008K, 0% used [0x000000076b300000,0x000000076b300000,0x0000000771b80000)
  from space 13312K, 67% used [0x0000000772880000,0x00000007731426d0,0x0000000773580000)
  to   space 13312K, 0% used [0x0000000771b80000,0x0000000771b80000,0x0000000772880000)
 ParOldGen       total 270336K, used 7588K [0x00000006c1800000, 0x00000006d2000000, 0x000000076b300000)
  object space 270336K, 2% used [0x00000006c1800000,0x00000006c1f69148,0x00000006d2000000)
 Metaspace       used 37184K, capacity 39128K, committed 39256K, reserved 1085440K
  class space    used 4804K, capacity 5186K, committed 5208K, reserved 1048576K
Event: 6.761 GC heap after
Heap after GC invocations=10 (full 4):
 PSYoungGen      total 120320K, used 0K [0x000000076b300000, 0x0000000773680000, 0x00000007c0000000)
  eden space 107008K, 0% used [0x000000076b300000,0x000000076b300000,0x0000000771b80000)
  from space 13312K, 0% used [0x0000000772880000,0x0000000772880000,0x0000000773580000)
  to   space 13312K, 0% used [0x0000000771b80000,0x0000000771b80000,0x0000000772880000)
 ParOldGen       total 270336K, used 14909K [0x00000006c1800000, 0x00000006d2000000, 0x000000076b300000)
  object space 270336K, 5% used [0x00000006c1800000,0x00000006c268f700,0x00000006d2000000)
 Metaspace       used 37184K, capacity 39128K, committed 39256K, reserved 1085440K
  class space    used 4804K, capacity 5186K, committed 5208K, reserved 1048576K
}
Event: 15.320 GC heap before
{Heap before GC invocations=11 (full 4):
 PSYoungGen      total 120320K, used 106984K [0x000000076b300000, 0x0000000773680000, 0x00000007c0000000)
  eden space 107008K, 99% used [0x000000076b300000,0x0000000771b7a328,0x0000000771b80000)
  from space 13312K, 0% used [0x0000000772880000,0x0000000772880000,0x0000000773580000)
  to   space 13312K, 0% used [0x0000000771b80000,0x0000000771b80000,0x0000000772880000)
 ParOldGen       total 270336K, used 14909K [0x00000006c1800000, 0x00000006d2000000, 0x000000076b300000)
  object space 270336K, 5% used [0x00000006c1800000,0x00000006c268f700,0x00000006d2000000)
 Metaspace       used 45648K, capacity 48322K, committed 48472K, reserved 1093632K
  class space    used 5954K, capacity 6435K, committed 6488K, reserved 1048576K
Event: 15.335 GC heap after
Heap after GC invocations=11 (full 4):
 PSYoungGen      total 120320K, used 12227K [0x000000076b300000, 0x0000000774c00000, 0x00000007c0000000)
  eden space 107008K, 0% used [0x000000076b300000,0x000000076b300000,0x0000000771b80000)
  from space 13312K, 91% used [0x0000000771b80000,0x0000000772770f68,0x0000000772880000)
  to   space 15360K, 0% used [0x0000000773d00000,0x0000000773d00000,0x0000000774c00000)
 ParOldGen       total 270336K, used 14917K [0x00000006c1800000, 0x00000006d2000000, 0x000000076b300000)
  object space 270336K, 5% used [0x00000006c1800000,0x00000006c2691700,0x00000006d2000000)
 Metaspace       used 45648K, capacity 48322K, committed 48472K, reserved 1093632K
  class space    used 5954K, capacity 6435K, committed 6488K, reserved 1048576K
}

