# JRE version: Java(TM) SE Runtime Environment (8.0_271-b09) (build 1.8.0_271-b09)
# Java VM: Java HotSpot(TM) 64-Bit Server VM (25.271-b09 mixed mode windows-amd64 compressed oops)
Heap:
 PSYoungGen      total 263168K, used 73616K [0x000000076b300000, 0x000000077d100000, 0x00000007c0000000)
  eden space 246784K, 29% used [0x000000076b300000,0x000000076fae4170,0x000000077a400000)
  from space 16384K, 0% used [0x000000077c100000,0x000000077c100000,0x000000077d100000)
  to   space 21504K, 0% used [0x000000077a700000,0x000000077a700000,0x000000077bc00000)
 ParOldGen       total 243712K, used 24896K [0x00000006c1800000, 0x00000006d0600000, 0x000000076b300000)
  object space 243712K, 10% used [0x00000006c1800000,0x00000006c3050308,0x00000006d0600000)
 Metaspace       used 64042K, capacity 67208K, committed 67416K, reserved 1107968K
  class space    used 8026K, capacity 8564K, committed 8576K, reserved 1048576K
GC Heap History (10 events):
Event: 5.716 GC heap before
{Heap before GC invocations=5 (full 1):
 PSYoungGen      total 141824K, used 47118K [0x000000076b300000, 0x0000000777c00000, 0x00000007c0000000)
  eden space 131072K, 27% used [0x000000076b300000,0x000000076d6847a0,0x0000000773300000)
  from space 10752K, 99% used [0x0000000773300000,0x0000000773d7f3e0,0x0000000773d80000)
  to   space 10752K, 0% used [0x0000000777180000,0x0000000777180000,0x0000000777c00000)
 ParOldGen       total 112128K, used 14127K [0x00000006c1800000, 0x00000006c8580000, 0x000000076b300000)
  object space 112128K, 12% used [0x00000006c1800000,0x00000006c25cbf70,0x00000006c8580000)
 Metaspace       used 33463K, capacity 35300K, committed 35416K, reserved 1079296K
  class space    used 4316K, capacity 4648K, committed 4736K, reserved 1048576K
Event: 5.725 GC heap after
Heap after GC invocations=5 (full 1):
 PSYoungGen      total 195072K, used 7795K [0x000000076b300000, 0x0000000778200000, 0x00000007c0000000)
  eden space 184320K, 0% used [0x000000076b300000,0x000000076b300000,0x0000000776700000)
  from space 10752K, 72% used [0x0000000777180000,0x000000077791cf80,0x0000000777c00000)
  to   space 10752K, 0% used [0x0000000776700000,0x0000000776700000,0x0000000777180000)
 ParOldGen       total 112128K, used 14135K [0x00000006c1800000, 0x00000006c8580000, 0x000000076b300000)
  object space 112128K, 12% used [0x00000006c1800000,0x00000006c25cdf70,0x00000006c8580000)
 Metaspace       used 33463K, capacity 35300K, committed 35416K, reserved 1079296K
  class space    used 4316K, capacity 4648K, committed 4736K, reserved 1048576K
}
Event: 5.725 GC heap before
{Heap before GC invocations=6 (full 2):
 PSYoungGen      total 195072K, used 7795K [0x000000076b300000, 0x0000000778200000, 0x00000007c0000000)
  eden space 184320K, 0% used [0x000000076b300000,0x000000076b300000,0x0000000776700000)
  from space 10752K, 72% used [0x0000000777180000,0x000000077791cf80,0x0000000777c00000)
  to   space 10752K, 0% used [0x0000000776700000,0x0000000776700000,0x0000000777180000)
 ParOldGen       total 112128K, used 14135K [0x00000006c1800000, 0x00000006c8580000, 0x000000076b300000)
  object space 112128K, 12% used [0x00000006c1800000,0x00000006c25cdf70,0x00000006c8580000)
 Metaspace       used 33463K, capacity 35300K, committed 35416K, reserved 1079296K
  class space    used 4316K, capacity 4648K, committed 4736K, reserved 1048576K
Event: 5.775 GC heap after
Heap after GC invocations=6 (full 2):
 PSYoungGen      total 195072K, used 0K [0x000000076b300000, 0x0000000778200000, 0x00000007c0000000)
  eden space 184320K, 0% used [0x000000076b300000,0x000000076b300000,0x0000000776700000)
  from space 10752K, 0% used [0x0000000777180000,0x0000000777180000,0x0000000777c00000)
  to   space 10752K, 0% used [0x0000000776700000,0x0000000776700000,0x0000000777180000)
 ParOldGen       total 173056K, used 12683K [0x00000006c1800000, 0x00000006cc100000, 0x000000076b300000)
  object space 173056K, 7% used [0x00000006c1800000,0x00000006c2462ca8,0x00000006cc100000)
 Metaspace       used 33463K, capacity 35300K, committed 35416K, reserved 1079296K
  class space    used 4316K, capacity 4648K, committed 4736K, reserved 1048576K
}
Event: 123.930 GC heap before
{Heap before GC invocations=7 (full 2):
 PSYoungGen      total 195072K, used 184320K [0x000000076b300000, 0x0000000778200000, 0x00000007c0000000)
  eden space 184320K, 100% used [0x000000076b300000,0x0000000776700000,0x0000000776700000)
  from space 10752K, 0% used [0x0000000777180000,0x0000000777180000,0x0000000777c00000)
  to   space 10752K, 0% used [0x0000000776700000,0x0000000776700000,0x0000000777180000)
 ParOldGen       total 173056K, used 12683K [0x00000006c1800000, 0x00000006cc100000, 0x000000076b300000)
  object space 173056K, 7% used [0x00000006c1800000,0x00000006c2462ca8,0x00000006cc100000)
 Metaspace       used 50536K, capacity 53274K, committed 53464K, reserved 1095680K
  class space    used 6419K, capacity 6899K, committed 6912K, reserved 1048576K
Event: 123.954 GC heap after
Heap after GC invocations=7 (full 2):
 PSYoungGen      total 195072K, used 10749K [0x000000076b300000, 0x000000077d500000, 0x00000007c0000000)
  eden space 184320K, 0% used [0x000000076b300000,0x000000076b300000,0x0000000776700000)
  from space 10752K, 99% used [0x0000000776700000,0x000000077717f458,0x0000000777180000)
  to   space 20480K, 0% used [0x000000077c100000,0x000000077c100000,0x000000077d500000)
 ParOldGen       total 173056K, used 20857K [0x00000006c1800000, 0x00000006cc100000, 0x000000076b300000)
  object space 173056K, 12% used [0x00000006c1800000,0x00000006c2c5e598,0x00000006cc100000)
 Metaspace       used 50536K, capacity 53274K, committed 53464K, reserved 1095680K
  class space    used 6419K, capacity 6899K, committed 6912K, reserved 1048576K
}
Event: 133.317 GC heap before
{Heap before GC invocations=8 (full 2):
 PSYoungGen      total 195072K, used 62868K [0x000000076b300000, 0x000000077d500000, 0x00000007c0000000)
  eden space 184320K, 28% used [0x000000076b300000,0x000000076e5e5dd0,0x0000000776700000)
  from space 10752K, 99% used [0x0000000776700000,0x000000077717f458,0x0000000777180000)
  to   space 20480K, 0% used [0x000000077c100000,0x000000077c100000,0x000000077d500000)
 ParOldGen       total 173056K, used 20857K [0x00000006c1800000, 0x00000006cc100000, 0x000000076b300000)
  object space 173056K, 12% used [0x00000006c1800000,0x00000006c2c5e598,0x00000006cc100000)
 Metaspace       used 55972K, capacity 58744K, committed 59028K, reserved 1101824K
  class space    used 7066K, capacity 7580K, committed 7680K, reserved 1048576K
Event: 133.338 GC heap after
Heap after GC invocations=8 (full 2):
 PSYoungGen      total 263168K, used 16259K [0x000000076b300000, 0x000000077d100000, 0x00000007c0000000)
  eden space 246784K, 0% used [0x000000076b300000,0x000000076b300000,0x000000077a400000)
  from space 16384K, 99% used [0x000000077c100000,0x000000077d0e0da8,0x000000077d100000)
  to   space 21504K, 0% used [0x000000077a700000,0x000000077a700000,0x000000077bc00000)
 ParOldGen       total 173056K, used 20865K [0x00000006c1800000, 0x00000006cc100000, 0x000000076b300000)
  object space 173056K, 12% used [0x00000006c1800000,0x00000006c2c60598,0x00000006cc100000)
 Metaspace       used 55972K, capacity 58744K, committed 59028K, reserved 1101824K
  class space    used 7066K, capacity 7580K, committed 7680K, reserved 1048576K
}
Event: 133.338 GC heap before
{Heap before GC invocations=9 (full 3):
 PSYoungGen      total 263168K, used 16259K [0x000000076b300000, 0x000000077d100000, 0x00000007c0000000)
  eden space 246784K, 0% used [0x000000076b300000,0x000000076b300000,0x000000077a400000)
  from space 16384K, 99% used [0x000000077c100000,0x000000077d0e0da8,0x000000077d100000)
  to   space 21504K, 0% used [0x000000077a700000,0x000000077a700000,0x000000077bc00000)
 ParOldGen       total 173056K, used 20865K [0x00000006c1800000, 0x00000006cc100000, 0x000000076b300000)
  object space 173056K, 12% used [0x00000006c1800000,0x00000006c2c60598,0x00000006cc100000)
 Metaspace       used 55972K, capacity 58744K, committed 59028K, reserved 1101824K
  class space    used 7066K, capacity 7580K, committed 7680K, reserved 1048576K
Event: 133.484 GC heap after
Heap after GC invocations=9 (full 3):
 PSYoungGen      total 263168K, used 0K [0x000000076b300000, 0x000000077d100000, 0x00000007c0000000)
  eden space 246784K, 0% used [0x000000076b300000,0x000000076b300000,0x000000077a400000)
  from space 16384K, 0% used [0x000000077c100000,0x000000077c100000,0x000000077d100000)
  to   space 21504K, 0% used [0x000000077a700000,0x000000077a700000,0x000000077bc00000)
 ParOldGen       total 243712K, used 24896K [0x00000006c1800000, 0x00000006d0600000, 0x000000076b300000)
  object space 243712K, 10% used [0x00000006c1800000,0x00000006c3050308,0x00000006d0600000)
 Metaspace       used 55967K, capacity 58726K, committed 59028K, reserved 1101824K
  class space    used 7064K, capacity 7577K, committed 7680K, reserved 1048576K
}

